<?xml version="1.0" encoding="UTF-8"?>
<!-- Generated by org.testng.reporters.JUnitReportReporter -->
<testsuite skipped="0" hostname="wangzhenyudeMacBook-Pro.local" name="org.springframework.test.context.cache.ClassLevelDirtiesContextTestNGTests$CleanTestCase" tests="1" failures="0" timestamp="15 四月 2019 08:10:01 GMT" time="0.000" errors="0">
  <testcase name="verifyContextWasAutowired" time="0.000" classname="org.springframework.test.context.cache.ClassLevelDirtiesContextTestNGTests$CleanTestCase"/>
</testsuite> <!-- org.springframework.test.context.cache.ClassLevelDirtiesContextTestNGTests$CleanTestCase -->
